<?xml version="1.0" encoding="UTF-8"?>
<!-- Generated by org.testng.reporters.JUnitReportReporter -->
<testsuite hostname="Yen-PC" name="example.NewTest" tests="1" failures="0" timestamp="13 Mar 2016 07:49:20 GMT" time="9.232" errors="0">
  <testcase name="verifyTitle" time="9.232" classname="example.NewTest"/>
</testsuite> <!-- example.NewTest -->
